<?xml version="1.0" encoding="utf-8"?><testsuites name="pytest tests"><testsuite name="pytest" errors="0" failures="0" skipped="0" tests="13" time="6.050" timestamp="2026-03-29T18:14:41.862759+00:00" hostname="agent-env-f0de3eb3-31d1-4ccc-95f1-e6c65da98f69"><testcase classname="backend.tests.test_contact_messages.TestContactFormEndpoint" name="test_contact_form_success" time="0.429" /><testcase classname="backend.tests.test_contact_messages.TestContactFormEndpoint" name="test_contact_form_missing_name" time="0.148" /><testcase classname="backend.tests.test_contact_messages.TestContactFormEndpoint" name="test_contact_form_missing_email" time="0.337" /><testcase classname="backend.tests.test_contact_messages.TestContactFormEndpoint" name="test_contact_form_missing_message" time="0.311" /><testcase classname="backend.tests.test_contact_messages.TestContactFormEndpoint" name="test_contact_form_invalid_email" time="0.108" /><testcase classname="backend.tests.test_contact_messages.TestAdminMessagesEndpoints" name="test_get_messages_requires_auth" time="0.139" /><testcase classname="backend.tests.test_contact_messages.TestAdminMessagesEndpoints" name="test_get_messages_success" time="0.437" /><testcase classname="backend.tests.test_contact_messages.TestAdminMessagesEndpoints" name="test_contact_form_stores_in_db" time="0.768" /><testcase classname="backend.tests.test_contact_messages.TestAdminMessagesEndpoints" name="test_mark_message_as_read" time="0.957" /><testcase classname="backend.tests.test_contact_messages.TestAdminMessagesEndpoints" name="test_delete_message" time="0.955" /><testcase classname="backend.tests.test_contact_messages.TestAdminMessagesEndpoints" name="test_mark_nonexistent_message_read" time="0.454" /><testcase classname="backend.tests.test_contact_messages.TestAdminMessagesEndpoints" name="test_delete_nonexistent_message" time="0.490" /><testcase classname="backend.tests.test_contact_messages.TestNonAdminAccess" name="test_regular_user_cannot_get_messages" time="0.444" /></testsuite></testsuites>